TN:
SF:C:\Users\BeckTanWeiSong\Downloads\todo-list-updated\client\src\App.vue
FN:16,(anonymous_1)
FN:23,(anonymous_2)
FNF:2
FNH:2
FNDA:2,(anonymous_1)
FNDA:2,(anonymous_2)
DA:14,1
DA:17,2
DA:18,2
DA:20,2
DA:24,2
DA:26,2
LF:6
LH:6
BRF:0
BRH:0
end_of_record
TN:
SF:C:\Users\BeckTanWeiSong\Downloads\todo-list-updated\client\src\router\index.js
FN:19,(anonymous_0)
FNF:1
FNH:1
FNDA:1,(anonymous_0)
DA:5,1
DA:7,1
DA:20,1
DA:24,1
LF:4
LH:4
BRF:0
BRH:0
end_of_record
TN:
SF:C:\Users\BeckTanWeiSong\Downloads\todo-list-updated\client\src\utils\app.js
FN:1,isNil
FN:4,isEqual
FNF:2
FNH:2
FNDA:13,isNil
FNDA:1,isEqual
DA:2,13
DA:5,1
LF:2
LH:2
BRF:0
BRH:0
end_of_record
TN:
SF:C:\Users\BeckTanWeiSong\Downloads\todo-list-updated\client\src\views\About.vue
FN:13,(anonymous_1)
FN:17,(anonymous_2)
FN:42,(anonymous_3)
FN:53,(anonymous_4)
FNF:4
FNH:4
FNDA:4,(anonymous_1)
FNDA:4,(anonymous_2)
FNDA:4,(anonymous_3)
FNDA:8,(anonymous_4)
DA:11,2
DA:14,4
DA:18,4
DA:19,4
DA:21,4
DA:43,4
DA:45,4
DA:46,4
DA:47,6
DA:51,4
DA:54,8
DA:55,8
DA:56,8
DA:57,8
DA:58,8
DA:64,8
DA:65,8
DA:66,8
DA:67,8
DA:69,8
DA:70,8
DA:72,8
DA:74,8
DA:75,8
DA:77,8
DA:78,8
DA:79,8
DA:81,10
DA:91,8
LF:29
LH:29
BRDA:45,0,0,4
BRDA:45,0,1,0
BRDA:45,1,0,4
BRDA:45,1,1,4
BRDA:47,2,0,2
BRDA:47,2,1,2
BRDA:58,3,0,8
BRDA:58,3,1,8
BRDA:74,4,0,8
BRDA:74,4,1,0
BRDA:75,5,0,0
BRDA:75,5,1,8
BRDA:81,6,0,2
BRDA:81,6,1,6
BRDA:81,7,0,8
BRDA:81,7,1,4
BRDA:81,7,2,2
BRF:17
BRH:14
end_of_record
TN:
SF:C:\Users\BeckTanWeiSong\Downloads\todo-list-updated\client\src\views\Home.vue
FN:40,(anonymous_1)
FN:47,(anonymous_2)
FN:55,(anonymous_3)
FN:71,(anonymous_4)
FN:80,(anonymous_5)
FN:91,(anonymous_6)
FN:97,(anonymous_7)
FNF:7
FNH:3
FNDA:6,(anonymous_1)
FNDA:6,(anonymous_2)
FNDA:1,(anonymous_3)
FNDA:0,(anonymous_4)
FNDA:0,(anonymous_5)
FNDA:0,(anonymous_6)
FNDA:0,(anonymous_7)
DA:35,2
DA:36,2
DA:41,6
DA:48,6
DA:50,6
DA:56,1
DA:57,1
DA:59,1
DA:60,1
DA:66,1
DA:68,1
DA:72,0
DA:74,0
DA:75,0
DA:77,0
DA:81,0
DA:82,0
DA:84,0
DA:85,0
DA:87,0
DA:88,0
DA:91,0
DA:92,0
DA:93,0
DA:98,0
DA:99,0
DA:100,0
DA:102,0
DA:103,0
DA:104,0
DA:105,0
DA:107,0
DA:108,0
DA:116,0
DA:118,0
LF:35
LH:11
BRDA:59,0,0,1
BRDA:59,0,1,0
BRDA:59,1,0,1
BRDA:59,1,1,1
BRDA:74,2,0,0
BRDA:74,2,1,0
BRDA:74,3,0,0
BRDA:74,3,1,0
BRDA:84,4,0,0
BRDA:84,4,1,0
BRDA:87,5,0,0
BRDA:87,5,1,0
BRDA:107,6,0,0
BRDA:107,6,1,0
BRDA:110,7,0,0
BRDA:110,7,1,0
BRF:16
BRH:3
end_of_record
